

*******************************************************************************
Fri Sep 25 10:20:26 2020


FIT:    data read from 'data.dat' using 1:2
        format = x:z
        #datapoints = 9
        residuals are weighted equally (unit weight)

function used for fitting: fitSigmoidDBM(x)
	fitSigmoidDBM(x) = 1.0 / (1.0 + exp((ss1-x)*ss2))
fitted parameters initialized with current variable values

iter      chisq       delta/lim  lambda   ss1           ss2          
   0 2.1724188091e-01   0.00e+00  6.55e-02    1.000000e+00   1.000000e+00
  20 3.6831119513e-03  -4.55e-03  6.55e-01    8.626677e+00   1.882041e-01

After 20 iterations the fit converged.
final sum of squares of residuals : 0.00368311
rel. change during last iteration : -4.55058e-08

degrees of freedom    (FIT_NDF)                        : 7
rms of residuals      (FIT_STDFIT) = sqrt(WSSR/ndf)    : 0.0229382
variance of residuals (reduced chisquare) = WSSR/ndf   : 0.000526159

Final set of parameters            Asymptotic Standard Error
=======================            ==========================
ss1             = 8.62668          +/- 0.405        (4.695%)
ss2             = 0.188204         +/- 0.01228      (6.526%)

correlation matrix of the fit parameters:
                ss1    ss2    
ss1             1.000 
ss2            -0.012  1.000 


*******************************************************************************
Fri Sep 25 10:20:26 2020


FIT:    data read from 'data.dat' using 1:2
        format = x:z
        #datapoints = 9
        residuals are weighted equally (unit weight)

function used for fitting: fitSigmoidWatt(x)
	fitSigmoidWatt(x) = 1.0 / (1.0 + exp((sl1-( 10**((x-30.0)/10.0) ))*sl2))
fitted parameters initialized with current variable values

iter      chisq       delta/lim  lambda   sl1           sl2          
   0 9.2369093436e-01   0.00e+00  1.79e-01    1.000000e+00   1.000000e+00
  65 3.5579369133e-02  -6.22e-02  1.79e-08    9.322625e-03   3.148916e+02

After 65 iterations the fit converged.
final sum of squares of residuals : 0.0355794
rel. change during last iteration : -6.21952e-07

degrees of freedom    (FIT_NDF)                        : 7
rms of residuals      (FIT_STDFIT) = sqrt(WSSR/ndf)    : 0.0712935
variance of residuals (reduced chisquare) = WSSR/ndf   : 0.00508277

Final set of parameters            Asymptotic Standard Error
=======================            ==========================
sl1             = 0.00932262       +/- 0.0008645    (9.273%)
sl2             = 314.892          +/- 76.42        (24.27%)

correlation matrix of the fit parameters:
                sl1    sl2    
sl1             1.000 
sl2            -0.226  1.000 


*******************************************************************************
Fri Sep 25 10:20:26 2020


FIT:    data read from 'data.dat' using (10**(($1-30.0)/10.0)):2
        format = x:z
        #datapoints = 9
        residuals are weighted equally (unit weight)

function used for fitting: fitSigmoidWattBIS(x)
	fitSigmoidWattBIS(x) = 1.0 / (1.0 + exp((slb1-( x ))*slb2))
fitted parameters initialized with current variable values

iter      chisq       delta/lim  lambda   slb1          slb2         
   0 9.2369093436e-01   0.00e+00  1.79e-01    1.000000e+00   1.000000e+00
  65 3.5579369133e-02  -6.22e-02  1.79e-08    9.322625e-03   3.148916e+02

After 65 iterations the fit converged.
final sum of squares of residuals : 0.0355794
rel. change during last iteration : -6.21952e-07

degrees of freedom    (FIT_NDF)                        : 7
rms of residuals      (FIT_STDFIT) = sqrt(WSSR/ndf)    : 0.0712935
variance of residuals (reduced chisquare) = WSSR/ndf   : 0.00508277

Final set of parameters            Asymptotic Standard Error
=======================            ==========================
slb1            = 0.00932262       +/- 0.0008645    (9.273%)
slb2            = 314.892          +/- 76.42        (24.27%)

correlation matrix of the fit parameters:
                slb1   slb2   
slb1            1.000 
slb2           -0.226  1.000 


*******************************************************************************
Fri Sep 25 10:22:46 2020


FIT:    data read from 'data.dat' using 1:2
        format = x:z
        #datapoints = 9
        residuals are weighted equally (unit weight)

function used for fitting: fitSigmoidDBM(x)
	fitSigmoidDBM(x) = 1.0 / (1.0 + exp((ss1-x)*ss2))
fitted parameters initialized with current variable values

iter      chisq       delta/lim  lambda   ss1           ss2          
   0 2.1724188091e-01   0.00e+00  6.55e-02    1.000000e+00   1.000000e+00
  20 3.6831119513e-03  -4.55e-03  6.55e-01    8.626677e+00   1.882041e-01

After 20 iterations the fit converged.
final sum of squares of residuals : 0.00368311
rel. change during last iteration : -4.55058e-08

degrees of freedom    (FIT_NDF)                        : 7
rms of residuals      (FIT_STDFIT) = sqrt(WSSR/ndf)    : 0.0229382
variance of residuals (reduced chisquare) = WSSR/ndf   : 0.000526159

Final set of parameters            Asymptotic Standard Error
=======================            ==========================
ss1             = 8.62668          +/- 0.405        (4.695%)
ss2             = 0.188204         +/- 0.01228      (6.526%)

correlation matrix of the fit parameters:
                ss1    ss2    
ss1             1.000 
ss2            -0.012  1.000 


*******************************************************************************
Fri Sep 25 10:22:46 2020


FIT:    data read from 'data.dat' using 1:2
        format = x:z
        #datapoints = 9
        residuals are weighted equally (unit weight)

function used for fitting: fitSigmoidWatt(x)
	fitSigmoidWatt(x) = 1.0 / (1.0 + exp((sl1-( 10**((x-30.0)/10.0) ))*sl2))
fitted parameters initialized with current variable values

iter      chisq       delta/lim  lambda   sl1           sl2          
   0 9.2369093436e-01   0.00e+00  1.79e-01    1.000000e+00   1.000000e+00
  65 3.5579369133e-02  -6.22e-02  1.79e-08    9.322625e-03   3.148916e+02

After 65 iterations the fit converged.
final sum of squares of residuals : 0.0355794
rel. change during last iteration : -6.21952e-07

degrees of freedom    (FIT_NDF)                        : 7
rms of residuals      (FIT_STDFIT) = sqrt(WSSR/ndf)    : 0.0712935
variance of residuals (reduced chisquare) = WSSR/ndf   : 0.00508277

Final set of parameters            Asymptotic Standard Error
=======================            ==========================
sl1             = 0.00932262       +/- 0.0008645    (9.273%)
sl2             = 314.892          +/- 76.42        (24.27%)

correlation matrix of the fit parameters:
                sl1    sl2    
sl1             1.000 
sl2            -0.226  1.000 


*******************************************************************************
Fri Sep 25 10:22:46 2020


FIT:    data read from 'data.dat' using (10**(($1-30.0)/10.0)):2
        format = x:z
        #datapoints = 9
        residuals are weighted equally (unit weight)

function used for fitting: fitSigmoidWattBIS(x)
	fitSigmoidWattBIS(x) = 1.0 / (1.0 + exp((slb1-( x ))*slb2))
fitted parameters initialized with current variable values

iter      chisq       delta/lim  lambda   slb1          slb2         
   0 9.2369093436e-01   0.00e+00  1.79e-01    1.000000e+00   1.000000e+00
  65 3.5579369133e-02  -6.22e-02  1.79e-08    9.322625e-03   3.148916e+02

After 65 iterations the fit converged.
final sum of squares of residuals : 0.0355794
rel. change during last iteration : -6.21952e-07

degrees of freedom    (FIT_NDF)                        : 7
rms of residuals      (FIT_STDFIT) = sqrt(WSSR/ndf)    : 0.0712935
variance of residuals (reduced chisquare) = WSSR/ndf   : 0.00508277

Final set of parameters            Asymptotic Standard Error
=======================            ==========================
slb1            = 0.00932262       +/- 0.0008645    (9.273%)
slb2            = 314.892          +/- 76.42        (24.27%)

correlation matrix of the fit parameters:
                slb1   slb2   
slb1            1.000 
slb2           -0.226  1.000 
